2020-06-18 17:56:14,243 DEBUG    root            Loaded Command Group: ['gcloud', 'config']
2020-06-18 17:56:14,245 DEBUG    root            Loaded Command Group: ['gcloud', 'config', 'config_helper']
2020-06-18 17:56:14,246 DEBUG    root            Running [gcloud.config.config-helper] with arguments: [--format: "json"]
2020-06-18 17:56:14,259 INFO     oauth2client.client Refreshing access_token
2020-06-18 17:56:14,402 INFO     root            Display format: "default json"
2020-06-18 17:56:14,404 INFO     ___FILE_ONLY___ {
  "configuration": {
    "active_configuration": "default",
    "properties": {
      "compute": {
        "region": "europe-west3",
        "zone": "europe-west3-a"
      },
      "core": {
        "account": "jonemail21@gmail.com",
        "disable_usage_reporting": "True",
        "project": "roxtec-dev-contentpublisher"
      }
    }
  },
  "credential": {
    "access_token": "ya29.a0AfH6SMDjnqm1CIdzsFeV7P3r9MUugpzQ03mkhLq34Tgv23qwx00lt3AVG-Slx6e1xGVjaw0VT__630PC8taht_jwTs4TAcATu_UpeN_4APx2ZF-CFYl0v2KKMSsqnhhSjYQqQwK4DcvmwmrwtDYEg8Xqp4pFomsccKtoBhmeBIlPGA",
    "id_token": "eyJhbGciOiJSUzI1NiIsImtpZCI6ImIxNmRlMWIyYWIwYzE2YWMwYWNmNjYyZWYwMWY3NTY3ZTU0NDI1MmEiLCJ0eXAiOiJKV1QifQ.eyJpc3MiOiJodHRwczovL2FjY291bnRzLmdvb2dsZS5jb20iLCJhenAiOiIzMjU1NTk0MDU1OS5hcHBzLmdvb2dsZXVzZXJjb250ZW50LmNvbSIsImF1ZCI6IjMyNTU1OTQwNTU5LmFwcHMuZ29vZ2xldXNlcmNvbnRlbnQuY29tIiwic3ViIjoiMTE3MjE2ODIxMDA5OTI4Nzk5NzE3IiwiZW1haWwiOiJqb25lbWFpbDIxQGdtYWlsLmNvbSIsImVtYWlsX3ZlcmlmaWVkIjp0cnVlLCJhdF9oYXNoIjoieHNWN3hCbXdJbXpjcEdiaWxWSW0yZyIsImlhdCI6MTU5MjQ5NTc3NCwiZXhwIjoxNTkyNDk5Mzc0fQ.E7gD2W_ojqkS1nMv9-fntHlK9OoBZZoQsZb1sGnCxG8pAMNXcOacbcI9kfvcU5UNWIBm4SB6illHh52EyDzU48NPPRv4QmyrxXbYJaKDqX0yTRYHbsiv_8MUPqIM6AU3_x0uSqF428FEUji2o4Qg1HVjdeuPc-56a5twWm4_o_UfRppHjJYcYYBtt-k2PL5SD-oygawUOICI1lnZW_gDJOOrM-PrEzm1IpiqQGVIu8r86WvNxg0XDxYOuqNu-LTYlUyLlnF68jpcoGR2dZci3DWx6J3lX9D6i0Rd8uCk698mjpKwYsmjMxoDJ-zqT5S4CQfuYgWq59dR-iRtDIvYyw",
    "token_expiry": "2020-06-18T16:56:13Z"
  },
  "sentinels": {
    "config_sentinel": "/home/freak/.config/gcloud/config_sentinel"
  }
}
2020-06-18 17:56:14,404 INFO     ___FILE_ONLY___ 

2020-06-18 17:56:14,405 DEBUG    root            SDK update checks are disabled.
